Arguments: 
  /Users/zhengguorong/.nvm/versions/node/v16.1.0/bin/node /Users/zhengguorong/.nvm/versions/node/v16.1.0/bin/yarn add eslint-config-prettier -D

PATH: 
  /Users/zhengguorong/.nvm/versions/node/v16.1.0/bin:/Users/zhengguorong/.nvm/versions/node/v14.16.0/bin:/opt/homebrew/bin:/opt/homebrew/sbin:/usr/local/bin:/usr/bin:/bin:/usr/sbin:/sbin:/Library/Apple/usr/bin:/Users/zhengguorong/.nvm/versions/node/v14.16.0/bin:/opt/homebrew/bin:/opt/homebrew/sbin

Yarn version: 
  1.22.10

Node version: 
  16.1.0

Platform: 
  darwin arm64

Trace: 
  Error: https://registry.npmjs.org/eslint: ETIMEDOUT
      at Timeout._onTimeout (/Users/zhengguorong/.nvm/versions/node/v16.1.0/lib/node_modules/yarn/lib/cli.js:141322:19)
      at listOnTimeout (node:internal/timers:557:17)
      at processTimers (node:internal/timers:500:7)

npm manifest: 
  {
    "name": "@xboss/hooks",
    "version": "1.0.1",
    "description": "",
    "main": "dist/cjs/index.js",
    "module": "dist/esm/index.js",
    "typings": "dist/types/index.d.ts",
    "scripts": {
      "build:esm": "tsc src/* -d --declarationDir dist/types -m es2015 --outDir dist/esm",
      "build:cjs": "tsc src/* -d --declarationDir dist/types -m commonjs --outDir dist/cjs",
      "dev": "tsc src/* --outDir dist -W"
    },
    "keywords": [],
    "author": "",
    "license": "ISC",
    "devDependencies": {
      "eslint": "^7.32.0",
      "eslint-plugin-prettier": "^4.0.0",
      "prettier": "^2.3.2",
      "typescript": "^4.4.2"
    }
  }

yarn manifest: 
  No manifest

Lockfile: 
  No lockfile
